<?xml version="1.0" encoding="UTF-8"?>
<!-- Generated by org.testng.reporters.JUnitReportReporter -->
<testsuite hostname="DESKTOP-L37L1I5" failures="0" tests="1" name="TEST_RUNNER.runner" time="193.749" errors="0" timestamp="2020-03-25T09:10:27 IST" skipped="0">
  <testcase classname="TEST_RUNNER.runner" name="feature" time="193.749"/>
</testsuite> <!-- TEST_RUNNER.runner -->
