<?xml version="1.0" encoding="UTF-8"?>
<!-- Generated by org.testng.reporters.JUnitReportReporter -->
<testsuite hostname="DESKTOP-L37L1I5" failures="0" tests="1" name="TestRunners_Firefox.AddToCart_Runner" time="0.000" errors="0" timestamp="2020-04-05T12:33:07 IST" skipped="1">
  <testcase classname="TestRunners_Firefox.AddToCart_Runner" name="feature" time="0.000">
    <skipped/>
  </testcase> <!-- feature -->
</testsuite> <!-- TestRunners_Firefox.AddToCart_Runner -->
