<?xml version="1.0" encoding="UTF-8"?>
<!-- Generated by org.testng.reporters.JUnitReportReporter -->
<testsuite hostname="DESKTOP-L37L1I5" failures="0" tests="1" name="TEST_RUNNER_CHROME.Test_Runner" time="406.574" errors="0" timestamp="2020-03-26T12:46:23 IST" skipped="0">
  <testcase classname="TEST_RUNNER_CHROME.Test_Runner" name="feature" time="406.574"/>
</testsuite> <!-- TEST_RUNNER_CHROME.Test_Runner -->
